running egg_info
creating ../../build/depth_sensor/depth_sensor.egg-info
writing ../../build/depth_sensor/depth_sensor.egg-info/PKG-INFO
writing dependency_links to ../../build/depth_sensor/depth_sensor.egg-info/dependency_links.txt
writing entry points to ../../build/depth_sensor/depth_sensor.egg-info/entry_points.txt
writing requirements to ../../build/depth_sensor/depth_sensor.egg-info/requires.txt
writing top-level names to ../../build/depth_sensor/depth_sensor.egg-info/top_level.txt
writing manifest file '../../build/depth_sensor/depth_sensor.egg-info/SOURCES.txt'
reading manifest file '../../build/depth_sensor/depth_sensor.egg-info/SOURCES.txt'
writing manifest file '../../build/depth_sensor/depth_sensor.egg-info/SOURCES.txt'
running build
running build_py
creating /home/niranjan/tiburon-projects/ros2_ws/build/depth_sensor/build
creating /home/niranjan/tiburon-projects/ros2_ws/build/depth_sensor/build/lib
creating /home/niranjan/tiburon-projects/ros2_ws/build/depth_sensor/build/lib/depth_sensor
copying depth_sensor/depth_sensor_node.py -> /home/niranjan/tiburon-projects/ros2_ws/build/depth_sensor/build/lib/depth_sensor
copying depth_sensor/__init__.py -> /home/niranjan/tiburon-projects/ros2_ws/build/depth_sensor/build/lib/depth_sensor
running install
running install_lib
creating /home/niranjan/tiburon-projects/ros2_ws/install/depth_sensor/lib/python3.12/site-packages/depth_sensor
copying /home/niranjan/tiburon-projects/ros2_ws/build/depth_sensor/build/lib/depth_sensor/depth_sensor_node.py -> /home/niranjan/tiburon-projects/ros2_ws/install/depth_sensor/lib/python3.12/site-packages/depth_sensor
copying /home/niranjan/tiburon-projects/ros2_ws/build/depth_sensor/build/lib/depth_sensor/__init__.py -> /home/niranjan/tiburon-projects/ros2_ws/install/depth_sensor/lib/python3.12/site-packages/depth_sensor
byte-compiling /home/niranjan/tiburon-projects/ros2_ws/install/depth_sensor/lib/python3.12/site-packages/depth_sensor/depth_sensor_node.py to depth_sensor_node.cpython-312.pyc
byte-compiling /home/niranjan/tiburon-projects/ros2_ws/install/depth_sensor/lib/python3.12/site-packages/depth_sensor/__init__.py to __init__.cpython-312.pyc
running install_data
creating /home/niranjan/tiburon-projects/ros2_ws/install/depth_sensor/share/ament_index
creating /home/niranjan/tiburon-projects/ros2_ws/install/depth_sensor/share/ament_index/resource_index
creating /home/niranjan/tiburon-projects/ros2_ws/install/depth_sensor/share/ament_index/resource_index/packages
copying resource/depth_sensor -> /home/niranjan/tiburon-projects/ros2_ws/install/depth_sensor/share/ament_index/resource_index/packages
copying package.xml -> /home/niranjan/tiburon-projects/ros2_ws/install/depth_sensor/share/depth_sensor
running install_egg_info
Copying ../../build/depth_sensor/depth_sensor.egg-info to /home/niranjan/tiburon-projects/ros2_ws/install/depth_sensor/lib/python3.12/site-packages/depth_sensor-0.0.1-py3.12.egg-info
running install_scripts
Installing depth_sensor_node script to /home/niranjan/tiburon-projects/ros2_ws/install/depth_sensor/lib/depth_sensor
writing list of installed files to '/home/niranjan/tiburon-projects/ros2_ws/build/depth_sensor/install.log'
