[0.890s] Invoking command in '/home/niranjan/tiburon-projects/ros2_ws/src/depth_sensor': PYTHONPATH=/home/niranjan/tiburon-projects/ros2_ws/build/depth_sensor/prefix_override:/usr/lib/python3/dist-packages/colcon_core/task/python/colcon_distutils_commands:/home/niranjan/tiburon-projects/ros2_ws/install/depth_sensor/lib/python3.12/site-packages:${PYTHONPATH} /usr/bin/python3 -W ignore:setup.py install is deprecated -W ignore:easy_install command is deprecated setup.py egg_info --egg-base ../../build/depth_sensor build --build-base /home/niranjan/tiburon-projects/ros2_ws/build/depth_sensor/build install --record /home/niranjan/tiburon-projects/ros2_ws/build/depth_sensor/install.log --single-version-externally-managed install_data
[1.081s] running egg_info
[1.081s] creating ../../build/depth_sensor/depth_sensor.egg-info
[1.087s] writing ../../build/depth_sensor/depth_sensor.egg-info/PKG-INFO
[1.088s] writing dependency_links to ../../build/depth_sensor/depth_sensor.egg-info/dependency_links.txt
[1.089s] writing entry points to ../../build/depth_sensor/depth_sensor.egg-info/entry_points.txt
[1.089s] writing requirements to ../../build/depth_sensor/depth_sensor.egg-info/requires.txt
[1.089s] writing top-level names to ../../build/depth_sensor/depth_sensor.egg-info/top_level.txt
[1.089s] writing manifest file '../../build/depth_sensor/depth_sensor.egg-info/SOURCES.txt'
[1.104s] reading manifest file '../../build/depth_sensor/depth_sensor.egg-info/SOURCES.txt'
[1.105s] writing manifest file '../../build/depth_sensor/depth_sensor.egg-info/SOURCES.txt'
[1.105s] running build
[1.105s] running build_py
[1.105s] creating /home/niranjan/tiburon-projects/ros2_ws/build/depth_sensor/build
[1.106s] creating /home/niranjan/tiburon-projects/ros2_ws/build/depth_sensor/build/lib
[1.106s] creating /home/niranjan/tiburon-projects/ros2_ws/build/depth_sensor/build/lib/depth_sensor
[1.106s] copying depth_sensor/depth_sensor_node.py -> /home/niranjan/tiburon-projects/ros2_ws/build/depth_sensor/build/lib/depth_sensor
[1.106s] copying depth_sensor/__init__.py -> /home/niranjan/tiburon-projects/ros2_ws/build/depth_sensor/build/lib/depth_sensor
[1.106s] running install
[1.110s] running install_lib
[1.118s] creating /home/niranjan/tiburon-projects/ros2_ws/install/depth_sensor/lib/python3.12/site-packages/depth_sensor
[1.119s] copying /home/niranjan/tiburon-projects/ros2_ws/build/depth_sensor/build/lib/depth_sensor/depth_sensor_node.py -> /home/niranjan/tiburon-projects/ros2_ws/install/depth_sensor/lib/python3.12/site-packages/depth_sensor
[1.119s] copying /home/niranjan/tiburon-projects/ros2_ws/build/depth_sensor/build/lib/depth_sensor/__init__.py -> /home/niranjan/tiburon-projects/ros2_ws/install/depth_sensor/lib/python3.12/site-packages/depth_sensor
[1.119s] byte-compiling /home/niranjan/tiburon-projects/ros2_ws/install/depth_sensor/lib/python3.12/site-packages/depth_sensor/depth_sensor_node.py to depth_sensor_node.cpython-312.pyc
[1.119s] byte-compiling /home/niranjan/tiburon-projects/ros2_ws/install/depth_sensor/lib/python3.12/site-packages/depth_sensor/__init__.py to __init__.cpython-312.pyc
[1.120s] running install_data
[1.120s] creating /home/niranjan/tiburon-projects/ros2_ws/install/depth_sensor/share/ament_index
[1.120s] creating /home/niranjan/tiburon-projects/ros2_ws/install/depth_sensor/share/ament_index/resource_index
[1.120s] creating /home/niranjan/tiburon-projects/ros2_ws/install/depth_sensor/share/ament_index/resource_index/packages
[1.120s] copying resource/depth_sensor -> /home/niranjan/tiburon-projects/ros2_ws/install/depth_sensor/share/ament_index/resource_index/packages
[1.120s] copying package.xml -> /home/niranjan/tiburon-projects/ros2_ws/install/depth_sensor/share/depth_sensor
[1.120s] running install_egg_info
[1.129s] Copying ../../build/depth_sensor/depth_sensor.egg-info to /home/niranjan/tiburon-projects/ros2_ws/install/depth_sensor/lib/python3.12/site-packages/depth_sensor-0.0.1-py3.12.egg-info
[1.129s] running install_scripts
[1.195s] Installing depth_sensor_node script to /home/niranjan/tiburon-projects/ros2_ws/install/depth_sensor/lib/depth_sensor
[1.195s] writing list of installed files to '/home/niranjan/tiburon-projects/ros2_ws/build/depth_sensor/install.log'
[1.210s] Invoked command in '/home/niranjan/tiburon-projects/ros2_ws/src/depth_sensor' returned '0': PYTHONPATH=/home/niranjan/tiburon-projects/ros2_ws/build/depth_sensor/prefix_override:/usr/lib/python3/dist-packages/colcon_core/task/python/colcon_distutils_commands:/home/niranjan/tiburon-projects/ros2_ws/install/depth_sensor/lib/python3.12/site-packages:${PYTHONPATH} /usr/bin/python3 -W ignore:setup.py install is deprecated -W ignore:easy_install command is deprecated setup.py egg_info --egg-base ../../build/depth_sensor build --build-base /home/niranjan/tiburon-projects/ros2_ws/build/depth_sensor/build install --record /home/niranjan/tiburon-projects/ros2_ws/build/depth_sensor/install.log --single-version-externally-managed install_data
